<?xml version="1.0" encoding="UTF-8"?>
<testsuite name="BankAccountTest" tests="1" skipped="0" failures="0" errors="0" timestamp="2021-08-26T14:27:50" hostname="MA372.broadband" time="0.023">
  <properties/>
  <testcase name="testCanStoreATransaction()" classname="BankAccountTest" time="0.023"/>
  <system-out><![CDATA[]]></system-out>
  <system-err><![CDATA[]]></system-err>
</testsuite>
