<?xml version="1.0" encoding="UTF-8"?>
<testsuite name="BankTest" tests="2" skipped="0" failures="0" errors="0" timestamp="2021-08-24T14:37:18" hostname="MA372.broadband" time="0.03">
  <properties/>
  <testcase name="testDepositMoneyIncreasesBalance()" classname="BankTest" time="0.027"/>
  <testcase name="testBalanceStartsEmpty()" classname="BankTest" time="0.002"/>
  <system-out><![CDATA[]]></system-out>
  <system-err><![CDATA[]]></system-err>
</testsuite>
