<?xml version="1.0" encoding="UTF-8"?>
<testsuite name="BankAccountTest" tests="5" skipped="0" failures="0" errors="0" timestamp="2021-08-25T13:52:18" hostname="MA372.broadband" time="0.039">
  <properties/>
  <testcase name="testDepositMoneyIncreasesBalance()" classname="BankAccountTest" time="0.025"/>
  <testcase name="testWithdrawCantMakeBalanceGoBelowZero()" classname="BankAccountTest" time="0.005"/>
  <testcase name="testBalanceStartsEmpty()" classname="BankAccountTest" time="0.002"/>
  <testcase name="testDepositDoesntAllowNegativeAmount()" classname="BankAccountTest" time="0.002"/>
  <testcase name="testWithdrawMoneyDecreasesBalance()" classname="BankAccountTest" time="0.001"/>
  <system-out><![CDATA[]]></system-out>
  <system-err><![CDATA[]]></system-err>
</testsuite>
